0 info it worked if it ends with ok
1 verbose cli [ 'C:\\Program Files\\nodejs\\node.exe',
1 verbose cli   'C:\\Users\\ur00\\AppData\\Roaming\\npm\\node_modules\\npm\\bin\\npm-cli.js',
1 verbose cli   'start' ]
2 info using npm@4.0.5
3 info using node@v8.16.0
4 verbose run-script [ 'prestart', 'start', 'poststart' ]
5 info lifecycle startbootstrap-freelancer@5.1.2~prestart: startbootstrap-freelancer@5.1.2
6 silly lifecycle startbootstrap-freelancer@5.1.2~prestart: no script for prestart, continuing
7 info lifecycle startbootstrap-freelancer@5.1.2~start: startbootstrap-freelancer@5.1.2
8 verbose lifecycle startbootstrap-freelancer@5.1.2~start: unsafe-perm in lifecycle true
9 verbose lifecycle startbootstrap-freelancer@5.1.2~start: PATH: C:\Users\ur00\AppData\Roaming\npm\node_modules\npm\bin\node-gyp-bin;C:\desarrollo\startbootstrap-freelancer\node_modules\.bin;C:\Windows\System32;C:\Program Files\nodejs;C:\Program Files\nodejs\node_modules\npm\bin;C:\Program Files\Java\jdk1.8.0_111\bin;C:\Program Files (x86)\Brackets;C:\Users\ur00\AppData\Roaming\npm;C:\Users\ur00\AppData\Local\Android\sdk\platform-tools;C:\desarrollo\flutter\bin;C:\Program Files\Git\cmd;C:\Program Files (x86)\Microsoft VS Code\bin;C:\Program Files\PuTTY\;C:\wamp64\bin\php\php5.6.25;C:\Program Files\nodejs\;C:\Program Files (x86)\Microsoft VS Code\bin;C:\apache-maven-3.5.3\bin;C:\Users\ur00\AppData\Roaming\npm
10 verbose lifecycle startbootstrap-freelancer@5.1.2~start: CWD: C:\desarrollo\startbootstrap-freelancer
11 silly lifecycle startbootstrap-freelancer@5.1.2~start: Args: [ '/d /s /c', 'gulp watch' ]
12 silly lifecycle startbootstrap-freelancer@5.1.2~start: Returned: code: 1  signal: null
13 info lifecycle startbootstrap-freelancer@5.1.2~start: Failed to exec start script
14 verbose stack Error: startbootstrap-freelancer@5.1.2 start: `gulp watch`
14 verbose stack Exit status 1
14 verbose stack     at EventEmitter.<anonymous> (C:\Users\ur00\AppData\Roaming\npm\node_modules\npm\lib\utils\lifecycle.js:279:16)
14 verbose stack     at emitTwo (events.js:126:13)
14 verbose stack     at EventEmitter.emit (events.js:214:7)
14 verbose stack     at ChildProcess.<anonymous> (C:\Users\ur00\AppData\Roaming\npm\node_modules\npm\lib\utils\spawn.js:40:14)
14 verbose stack     at emitTwo (events.js:126:13)
14 verbose stack     at ChildProcess.emit (events.js:214:7)
14 verbose stack     at maybeClose (internal/child_process.js:915:16)
14 verbose stack     at Process.ChildProcess._handle.onexit (internal/child_process.js:209:5)
15 verbose pkgid startbootstrap-freelancer@5.1.2
16 verbose cwd C:\desarrollo\startbootstrap-freelancer
17 error Windows_NT 6.1.7601
18 error argv "C:\\Program Files\\nodejs\\node.exe" "C:\\Users\\ur00\\AppData\\Roaming\\npm\\node_modules\\npm\\bin\\npm-cli.js" "start"
19 error node v8.16.0
20 error npm  v4.0.5
21 error code ELIFECYCLE
22 error startbootstrap-freelancer@5.1.2 start: `gulp watch`
22 error Exit status 1
23 error Failed at the startbootstrap-freelancer@5.1.2 start script 'gulp watch'.
23 error Make sure you have the latest version of node.js and npm installed.
23 error If you do, this is most likely a problem with the startbootstrap-freelancer package,
23 error not with npm itself.
23 error Tell the author that this fails on your system:
23 error     gulp watch
23 error You can get information on how to open an issue for this project with:
23 error     npm bugs startbootstrap-freelancer
23 error Or if that isn't available, you can get their info via:
23 error     npm owner ls startbootstrap-freelancer
23 error There is likely additional logging output above.
24 verbose exit [ 1, true ]
